mode: atomic
github.com/jbcom/control-center/cmd/control-center/main.go:5.13,7.2 1 0
github.com/jbcom/control-center/pkg/clients/cursor/client.go:34.36,35.20 1 0
github.com/jbcom/control-center/pkg/clients/cursor/client.go:35.20,37.3 1 0
github.com/jbcom/control-center/pkg/clients/cursor/client.go:39.2,45.3 1 0
github.com/jbcom/control-center/pkg/clients/cursor/client.go:79.96,97.16 4 0
github.com/jbcom/control-center/pkg/clients/cursor/client.go:97.16,99.3 1 0
github.com/jbcom/control-center/pkg/clients/cursor/client.go:101.2,102.16 2 0
github.com/jbcom/control-center/pkg/clients/cursor/client.go:102.16,104.3 1 0
github.com/jbcom/control-center/pkg/clients/cursor/client.go:106.2,110.16 4 0
github.com/jbcom/control-center/pkg/clients/cursor/client.go:110.16,112.3 1 0
github.com/jbcom/control-center/pkg/clients/cursor/client.go:113.2,116.16 3 0
github.com/jbcom/control-center/pkg/clients/cursor/client.go:116.16,118.3 1 0
github.com/jbcom/control-center/pkg/clients/cursor/client.go:120.2,120.28 1 0
github.com/jbcom/control-center/pkg/clients/cursor/client.go:120.28,122.3 1 0
github.com/jbcom/control-center/pkg/clients/cursor/client.go:124.2,125.57 2 0
github.com/jbcom/control-center/pkg/clients/cursor/client.go:125.57,127.3 1 0
github.com/jbcom/control-center/pkg/clients/cursor/client.go:129.2,134.20 2 0
github.com/jbcom/control-center/pkg/clients/cursor/client.go:138.75,140.16 2 0
github.com/jbcom/control-center/pkg/clients/cursor/client.go:140.16,142.3 1 0
github.com/jbcom/control-center/pkg/clients/cursor/client.go:144.2,147.16 3 0
github.com/jbcom/control-center/pkg/clients/cursor/client.go:147.16,149.3 1 0
github.com/jbcom/control-center/pkg/clients/cursor/client.go:150.2,153.16 3 0
github.com/jbcom/control-center/pkg/clients/cursor/client.go:153.16,155.3 1 0
github.com/jbcom/control-center/pkg/clients/cursor/client.go:157.2,157.28 1 0
github.com/jbcom/control-center/pkg/clients/cursor/client.go:157.28,159.3 1 0
github.com/jbcom/control-center/pkg/clients/cursor/client.go:161.2,162.57 2 0
github.com/jbcom/control-center/pkg/clients/cursor/client.go:162.57,164.3 1 0
github.com/jbcom/control-center/pkg/clients/cursor/client.go:166.2,166.20 1 0
github.com/jbcom/control-center/pkg/clients/cursor/client.go:170.67,172.16 2 0
github.com/jbcom/control-center/pkg/clients/cursor/client.go:172.16,174.3 1 0
github.com/jbcom/control-center/pkg/clients/cursor/client.go:176.2,179.16 3 0
github.com/jbcom/control-center/pkg/clients/cursor/client.go:179.16,181.3 1 0
github.com/jbcom/control-center/pkg/clients/cursor/client.go:182.2,185.16 3 0
github.com/jbcom/control-center/pkg/clients/cursor/client.go:185.16,187.3 1 0
github.com/jbcom/control-center/pkg/clients/cursor/client.go:189.2,189.28 1 0
github.com/jbcom/control-center/pkg/clients/cursor/client.go:189.28,191.3 1 0
github.com/jbcom/control-center/pkg/clients/cursor/client.go:193.2,194.58 2 0
github.com/jbcom/control-center/pkg/clients/cursor/client.go:194.58,196.3 1 0
github.com/jbcom/control-center/pkg/clients/cursor/client.go:198.2,198.20 1 0
github.com/jbcom/control-center/pkg/clients/cursor/client.go:202.78,208.16 3 0
github.com/jbcom/control-center/pkg/clients/cursor/client.go:208.16,210.3 1 0
github.com/jbcom/control-center/pkg/clients/cursor/client.go:212.2,213.16 2 0
github.com/jbcom/control-center/pkg/clients/cursor/client.go:213.16,215.3 1 0
github.com/jbcom/control-center/pkg/clients/cursor/client.go:217.2,221.16 4 0
github.com/jbcom/control-center/pkg/clients/cursor/client.go:221.16,223.3 1 0
github.com/jbcom/control-center/pkg/clients/cursor/client.go:224.2,226.28 2 0
github.com/jbcom/control-center/pkg/clients/cursor/client.go:226.28,229.3 2 0
github.com/jbcom/control-center/pkg/clients/cursor/client.go:231.2,232.12 2 0
github.com/jbcom/control-center/pkg/clients/cursor/client.go:236.35,237.18 1 0
github.com/jbcom/control-center/pkg/clients/cursor/client.go:238.42,239.14 1 0
github.com/jbcom/control-center/pkg/clients/cursor/client.go:240.10,241.15 1 0
github.com/jbcom/control-center/pkg/clients/jules/client.go:34.36,35.20 1 0
github.com/jbcom/control-center/pkg/clients/jules/client.go:35.20,37.3 1 0
github.com/jbcom/control-center/pkg/clients/jules/client.go:39.2,45.3 1 0
github.com/jbcom/control-center/pkg/clients/jules/client.go:80.100,98.16 4 0
github.com/jbcom/control-center/pkg/clients/jules/client.go:98.16,100.3 1 0
github.com/jbcom/control-center/pkg/clients/jules/client.go:102.2,103.16 2 0
github.com/jbcom/control-center/pkg/clients/jules/client.go:103.16,105.3 1 0
github.com/jbcom/control-center/pkg/clients/jules/client.go:107.2,111.16 4 0
github.com/jbcom/control-center/pkg/clients/jules/client.go:111.16,113.3 1 0
github.com/jbcom/control-center/pkg/clients/jules/client.go:114.2,117.16 3 0
github.com/jbcom/control-center/pkg/clients/jules/client.go:117.16,119.3 1 0
github.com/jbcom/control-center/pkg/clients/jules/client.go:121.2,121.28 1 0
github.com/jbcom/control-center/pkg/clients/jules/client.go:121.28,123.3 1 0
github.com/jbcom/control-center/pkg/clients/jules/client.go:125.2,126.59 2 0
github.com/jbcom/control-center/pkg/clients/jules/client.go:126.59,128.3 1 0
github.com/jbcom/control-center/pkg/clients/jules/client.go:130.2,135.22 2 0
github.com/jbcom/control-center/pkg/clients/jules/client.go:139.81,141.16 2 0
github.com/jbcom/control-center/pkg/clients/jules/client.go:141.16,143.3 1 0
github.com/jbcom/control-center/pkg/clients/jules/client.go:145.2,148.16 3 0
github.com/jbcom/control-center/pkg/clients/jules/client.go:148.16,150.3 1 0
github.com/jbcom/control-center/pkg/clients/jules/client.go:151.2,154.16 3 0
github.com/jbcom/control-center/pkg/clients/jules/client.go:154.16,156.3 1 0
github.com/jbcom/control-center/pkg/clients/jules/client.go:158.2,158.28 1 0
github.com/jbcom/control-center/pkg/clients/jules/client.go:158.28,160.3 1 0
github.com/jbcom/control-center/pkg/clients/jules/client.go:162.2,163.59 2 0
github.com/jbcom/control-center/pkg/clients/jules/client.go:163.59,165.3 1 0
github.com/jbcom/control-center/pkg/clients/jules/client.go:167.2,167.22 1 0
github.com/jbcom/control-center/pkg/clients/jules/client.go:171.71,173.16 2 0
github.com/jbcom/control-center/pkg/clients/jules/client.go:173.16,175.3 1 0
github.com/jbcom/control-center/pkg/clients/jules/client.go:177.2,180.16 3 0
github.com/jbcom/control-center/pkg/clients/jules/client.go:180.16,182.3 1 0
github.com/jbcom/control-center/pkg/clients/jules/client.go:183.2,186.16 3 0
github.com/jbcom/control-center/pkg/clients/jules/client.go:186.16,188.3 1 0
github.com/jbcom/control-center/pkg/clients/jules/client.go:190.2,190.28 1 0
github.com/jbcom/control-center/pkg/clients/jules/client.go:190.28,192.3 1 0
github.com/jbcom/control-center/pkg/clients/jules/client.go:194.2,197.58 2 0
github.com/jbcom/control-center/pkg/clients/jules/client.go:197.58,199.3 1 0
github.com/jbcom/control-center/pkg/clients/jules/client.go:201.2,201.29 1 0
github.com/jbcom/control-center/pkg/clients/jules/client.go:205.77,207.16 2 0
github.com/jbcom/control-center/pkg/clients/jules/client.go:207.16,209.3 1 0
github.com/jbcom/control-center/pkg/clients/jules/client.go:211.2,214.16 3 0
github.com/jbcom/control-center/pkg/clients/jules/client.go:214.16,216.3 1 0
github.com/jbcom/control-center/pkg/clients/jules/client.go:217.2,219.28 2 0
github.com/jbcom/control-center/pkg/clients/jules/client.go:219.28,222.3 2 0
github.com/jbcom/control-center/pkg/clients/jules/client.go:224.2,225.12 2 0
github.com/jbcom/control-center/pkg/clients/jules/client.go:229.37,230.17 1 0
github.com/jbcom/control-center/pkg/clients/jules/client.go:231.42,232.14 1 0
github.com/jbcom/control-center/pkg/clients/jules/client.go:233.10,234.15 1 0
github.com/jbcom/control-center/pkg/clients/jules/client.go:239.32,241.2 1 0
github.com/jbcom/control-center/cmd/control-center/cmd/curator.go:41.13,48.2 4 0
github.com/jbcom/control-center/cmd/control-center/cmd/curator.go:50.58,60.19 4 0
github.com/jbcom/control-center/cmd/control-center/cmd/curator.go:60.19,62.3 1 0
github.com/jbcom/control-center/cmd/control-center/cmd/curator.go:63.2,63.19 1 0
github.com/jbcom/control-center/cmd/control-center/cmd/curator.go:63.19,65.3 1 0
github.com/jbcom/control-center/cmd/control-center/cmd/curator.go:67.2,75.20 7 0
github.com/jbcom/control-center/cmd/control-center/cmd/curator.go:75.20,77.3 1 0
github.com/jbcom/control-center/cmd/control-center/cmd/curator.go:79.2,80.21 2 0
github.com/jbcom/control-center/cmd/control-center/cmd/curator.go:80.21,82.3 1 0
github.com/jbcom/control-center/cmd/control-center/cmd/curator.go:85.2,86.16 2 0
github.com/jbcom/control-center/cmd/control-center/cmd/curator.go:86.16,88.3 1 0
github.com/jbcom/control-center/cmd/control-center/cmd/curator.go:90.2,93.31 2 0
github.com/jbcom/control-center/cmd/control-center/cmd/curator.go:93.31,95.82 1 0
github.com/jbcom/control-center/cmd/control-center/cmd/curator.go:95.82,96.12 1 0
github.com/jbcom/control-center/cmd/control-center/cmd/curator.go:99.3,106.17 3 0
github.com/jbcom/control-center/cmd/control-center/cmd/curator.go:106.17,108.12 2 0
github.com/jbcom/control-center/cmd/control-center/cmd/curator.go:111.3,118.13 2 0
github.com/jbcom/control-center/cmd/control-center/cmd/curator.go:118.13,120.12 2 0
github.com/jbcom/control-center/cmd/control-center/cmd/curator.go:124.3,124.23 1 0
github.com/jbcom/control-center/cmd/control-center/cmd/curator.go:125.16,126.26 1 0
github.com/jbcom/control-center/cmd/control-center/cmd/curator.go:126.26,129.19 3 0
github.com/jbcom/control-center/cmd/control-center/cmd/curator.go:129.19,131.6 1 0
github.com/jbcom/control-center/cmd/control-center/cmd/curator.go:131.11,134.90 3 0
github.com/jbcom/control-center/cmd/control-center/cmd/curator.go:134.90,136.7 1 0
github.com/jbcom/control-center/cmd/control-center/cmd/curator.go:140.17,141.27 1 0
github.com/jbcom/control-center/cmd/control-center/cmd/curator.go:141.27,144.19 3 0
github.com/jbcom/control-center/cmd/control-center/cmd/curator.go:144.19,146.6 1 0
github.com/jbcom/control-center/cmd/control-center/cmd/curator.go:146.11,149.90 3 0
github.com/jbcom/control-center/cmd/control-center/cmd/curator.go:149.90,151.7 1 0
github.com/jbcom/control-center/cmd/control-center/cmd/curator.go:155.16,157.88 2 0
github.com/jbcom/control-center/cmd/control-center/cmd/curator.go:157.88,159.5 1 0
github.com/jbcom/control-center/cmd/control-center/cmd/curator.go:160.4,160.98 1 0
github.com/jbcom/control-center/cmd/control-center/cmd/curator.go:160.98,162.5 1 0
github.com/jbcom/control-center/cmd/control-center/cmd/curator.go:164.11,167.88 2 0
github.com/jbcom/control-center/cmd/control-center/cmd/curator.go:167.88,169.5 1 0
github.com/jbcom/control-center/cmd/control-center/cmd/curator.go:173.3,173.86 1 0
github.com/jbcom/control-center/cmd/control-center/cmd/curator.go:173.86,175.4 1 0
github.com/jbcom/control-center/cmd/control-center/cmd/curator.go:178.2,179.12 2 0
github.com/jbcom/control-center/cmd/control-center/cmd/curator.go:182.52,183.27 1 0
github.com/jbcom/control-center/cmd/control-center/cmd/curator.go:183.27,184.18 1 0
github.com/jbcom/control-center/cmd/control-center/cmd/curator.go:184.18,186.4 1 0
github.com/jbcom/control-center/cmd/control-center/cmd/curator.go:188.2,188.14 1 0
github.com/jbcom/control-center/cmd/control-center/cmd/fixer.go:45.13,57.2 8 0
github.com/jbcom/control-center/cmd/control-center/cmd/fixer.go:59.56,71.19 4 0
github.com/jbcom/control-center/cmd/control-center/cmd/fixer.go:71.19,73.3 1 0
github.com/jbcom/control-center/cmd/control-center/cmd/fixer.go:74.2,74.19 1 0
github.com/jbcom/control-center/cmd/control-center/cmd/fixer.go:74.19,76.3 1 0
github.com/jbcom/control-center/cmd/control-center/cmd/fixer.go:78.2,89.20 6 0
github.com/jbcom/control-center/cmd/control-center/cmd/fixer.go:89.20,91.3 1 0
github.com/jbcom/control-center/cmd/control-center/cmd/fixer.go:91.8,91.24 1 0
github.com/jbcom/control-center/cmd/control-center/cmd/fixer.go:91.24,93.3 1 0
github.com/jbcom/control-center/cmd/control-center/cmd/fixer.go:93.8,95.3 1 0
github.com/jbcom/control-center/cmd/control-center/cmd/fixer.go:97.2,97.16 1 0
github.com/jbcom/control-center/cmd/control-center/cmd/fixer.go:97.16,99.3 1 0
github.com/jbcom/control-center/cmd/control-center/cmd/fixer.go:101.2,101.22 1 0
github.com/jbcom/control-center/cmd/control-center/cmd/fixer.go:101.22,104.3 2 0
github.com/jbcom/control-center/cmd/control-center/cmd/fixer.go:106.2,110.16 3 0
github.com/jbcom/control-center/cmd/control-center/cmd/fixer.go:110.16,112.3 1 0
github.com/jbcom/control-center/cmd/control-center/cmd/fixer.go:115.2,119.12 3 0
github.com/jbcom/control-center/cmd/control-center/cmd/fixer.go:119.12,123.3 3 0
github.com/jbcom/control-center/cmd/control-center/cmd/fixer.go:126.2,126.17 1 0
github.com/jbcom/control-center/cmd/control-center/cmd/fixer.go:126.17,127.83 1 0
github.com/jbcom/control-center/cmd/control-center/cmd/fixer.go:127.83,129.4 1 0
github.com/jbcom/control-center/cmd/control-center/cmd/fixer.go:130.3,130.49 1 0
github.com/jbcom/control-center/cmd/control-center/cmd/fixer.go:131.8,133.3 1 0
github.com/jbcom/control-center/cmd/control-center/cmd/fixer.go:135.2,135.12 1 0
github.com/jbcom/control-center/cmd/control-center/cmd/fixer.go:138.93,144.16 4 0
github.com/jbcom/control-center/cmd/control-center/cmd/fixer.go:144.16,146.3 1 0
github.com/jbcom/control-center/cmd/control-center/cmd/fixer.go:148.2,148.25 1 0
github.com/jbcom/control-center/cmd/control-center/cmd/fixer.go:151.94,158.16 4 0
github.com/jbcom/control-center/cmd/control-center/cmd/fixer.go:158.16,160.3 1 0
github.com/jbcom/control-center/cmd/control-center/cmd/fixer.go:163.2,163.25 1 0
github.com/jbcom/control-center/cmd/control-center/cmd/fixer.go:166.67,179.44 9 0
github.com/jbcom/control-center/cmd/control-center/cmd/fixer.go:179.44,182.53 3 0
github.com/jbcom/control-center/cmd/control-center/cmd/fixer.go:182.53,185.4 2 0
github.com/jbcom/control-center/cmd/control-center/cmd/fixer.go:186.3,186.28 1 0
github.com/jbcom/control-center/cmd/control-center/cmd/fixer.go:189.2,194.20 4 0
github.com/jbcom/control-center/cmd/control-center/cmd/gardener.go:50.13,60.2 7 0
github.com/jbcom/control-center/cmd/control-center/cmd/gardener.go:62.59,74.17 4 0
github.com/jbcom/control-center/cmd/control-center/cmd/gardener.go:74.17,76.3 1 0
github.com/jbcom/control-center/cmd/control-center/cmd/gardener.go:77.2,77.17 1 0
github.com/jbcom/control-center/cmd/control-center/cmd/gardener.go:77.17,79.3 1 0
github.com/jbcom/control-center/cmd/control-center/cmd/gardener.go:81.2,92.38 3 0
github.com/jbcom/control-center/cmd/control-center/cmd/gardener.go:92.38,95.3 2 0
github.com/jbcom/control-center/cmd/control-center/cmd/gardener.go:97.2,98.12 2 0
github.com/jbcom/control-center/cmd/control-center/cmd/reviewer.go:42.13,53.2 7 0
github.com/jbcom/control-center/cmd/control-center/cmd/reviewer.go:55.59,66.19 4 0
github.com/jbcom/control-center/cmd/control-center/cmd/reviewer.go:66.19,68.3 1 0
github.com/jbcom/control-center/cmd/control-center/cmd/reviewer.go:69.2,69.19 1 0
github.com/jbcom/control-center/cmd/control-center/cmd/reviewer.go:69.19,71.3 1 0
github.com/jbcom/control-center/cmd/control-center/cmd/reviewer.go:73.2,82.16 5 0
github.com/jbcom/control-center/cmd/control-center/cmd/reviewer.go:82.16,84.3 1 0
github.com/jbcom/control-center/cmd/control-center/cmd/reviewer.go:86.2,90.16 3 0
github.com/jbcom/control-center/cmd/control-center/cmd/reviewer.go:90.16,92.3 1 0
github.com/jbcom/control-center/cmd/control-center/cmd/reviewer.go:95.2,102.12 3 0
github.com/jbcom/control-center/cmd/control-center/cmd/reviewer.go:102.12,106.3 3 0
github.com/jbcom/control-center/cmd/control-center/cmd/reviewer.go:109.2,109.85 1 0
github.com/jbcom/control-center/cmd/control-center/cmd/reviewer.go:109.85,111.3 1 0
github.com/jbcom/control-center/cmd/control-center/cmd/reviewer.go:113.2,114.12 2 0
github.com/jbcom/control-center/cmd/control-center/cmd/reviewer.go:117.88,123.16 4 0
github.com/jbcom/control-center/cmd/control-center/cmd/reviewer.go:123.16,125.3 1 0
github.com/jbcom/control-center/cmd/control-center/cmd/reviewer.go:127.2,127.25 1 0
github.com/jbcom/control-center/cmd/control-center/cmd/reviewer.go:130.60,138.28 6 0
github.com/jbcom/control-center/cmd/control-center/cmd/reviewer.go:138.28,140.39 2 0
github.com/jbcom/control-center/cmd/control-center/cmd/reviewer.go:140.39,143.30 3 0
github.com/jbcom/control-center/cmd/control-center/cmd/reviewer.go:143.30,145.5 1 0
github.com/jbcom/control-center/cmd/control-center/cmd/reviewer.go:146.4,146.24 1 0
github.com/jbcom/control-center/cmd/control-center/cmd/reviewer.go:148.8,150.3 1 0
github.com/jbcom/control-center/cmd/control-center/cmd/reviewer.go:152.2,152.27 1 0
github.com/jbcom/control-center/cmd/control-center/cmd/reviewer.go:152.27,156.3 3 0
github.com/jbcom/control-center/cmd/control-center/cmd/reviewer.go:158.2,161.20 3 0
github.com/jbcom/control-center/cmd/control-center/cmd/reviewer.go:164.44,165.18 1 0
github.com/jbcom/control-center/cmd/control-center/cmd/reviewer.go:166.18,167.16 1 0
github.com/jbcom/control-center/cmd/control-center/cmd/reviewer.go:168.14,169.16 1 0
github.com/jbcom/control-center/cmd/control-center/cmd/reviewer.go:170.16,171.16 1 0
github.com/jbcom/control-center/cmd/control-center/cmd/reviewer.go:172.13,173.16 1 0
github.com/jbcom/control-center/cmd/control-center/cmd/reviewer.go:174.10,175.15 1 0
github.com/jbcom/control-center/cmd/control-center/cmd/root.go:60.60,63.17 2 0
github.com/jbcom/control-center/cmd/control-center/cmd/root.go:63.17,65.4 1 0
github.com/jbcom/control-center/cmd/control-center/cmd/root.go:66.3,69.26 2 0
github.com/jbcom/control-center/cmd/control-center/cmd/root.go:69.26,71.4 1 0
github.com/jbcom/control-center/cmd/control-center/cmd/root.go:71.9,75.4 1 0
github.com/jbcom/control-center/cmd/control-center/cmd/root.go:80.16,82.16 2 0
github.com/jbcom/control-center/cmd/control-center/cmd/root.go:82.16,84.3 1 0
github.com/jbcom/control-center/cmd/control-center/cmd/root.go:87.13,100.2 8 0
github.com/jbcom/control-center/cmd/control-center/cmd/root.go:102.19,103.19 1 0
github.com/jbcom/control-center/cmd/control-center/cmd/root.go:103.19,105.3 1 0
github.com/jbcom/control-center/cmd/control-center/cmd/root.go:105.8,108.17 2 0
github.com/jbcom/control-center/cmd/control-center/cmd/root.go:108.17,110.4 1 0
github.com/jbcom/control-center/cmd/control-center/cmd/root.go:111.3,114.30 4 0
github.com/jbcom/control-center/cmd/control-center/cmd/root.go:118.2,122.45 3 0
github.com/jbcom/control-center/cmd/control-center/cmd/root.go:122.45,124.3 1 0
github.com/jbcom/control-center/cmd/control-center/cmd/root.go:128.26,130.2 1 0
github.com/jbcom/control-center/cmd/control-center/cmd/version.go:13.47,15.3 1 0
github.com/jbcom/control-center/cmd/control-center/cmd/version.go:18.13,20.2 1 0
github.com/jbcom/control-center/pkg/orchestrator/gardener.go:44.70,45.27 1 0
github.com/jbcom/control-center/pkg/orchestrator/gardener.go:45.27,47.3 1 0
github.com/jbcom/control-center/pkg/orchestrator/gardener.go:48.2,51.3 1 0
github.com/jbcom/control-center/pkg/orchestrator/gardener.go:55.51,60.16 3 0
github.com/jbcom/control-center/pkg/orchestrator/gardener.go:60.16,62.3 1 0
github.com/jbcom/control-center/pkg/orchestrator/gardener.go:64.2,69.20 3 0
github.com/jbcom/control-center/pkg/orchestrator/gardener.go:69.20,72.3 2 0
github.com/jbcom/control-center/pkg/orchestrator/gardener.go:75.2,75.27 1 0
github.com/jbcom/control-center/pkg/orchestrator/gardener.go:75.27,76.55 1 0
github.com/jbcom/control-center/pkg/orchestrator/gardener.go:76.55,79.4 1 0
github.com/jbcom/control-center/pkg/orchestrator/gardener.go:83.2,83.29 1 0
github.com/jbcom/control-center/pkg/orchestrator/gardener.go:83.29,84.28 1 0
github.com/jbcom/control-center/pkg/orchestrator/gardener.go:84.28,85.53 1 0
github.com/jbcom/control-center/pkg/orchestrator/gardener.go:85.53,88.5 1 0
github.com/jbcom/control-center/pkg/orchestrator/gardener.go:93.2,93.24 1 0
github.com/jbcom/control-center/pkg/orchestrator/gardener.go:93.24,94.28 1 0
github.com/jbcom/control-center/pkg/orchestrator/gardener.go:94.28,95.48 1 0
github.com/jbcom/control-center/pkg/orchestrator/gardener.go:95.48,98.5 1 0
github.com/jbcom/control-center/pkg/orchestrator/gardener.go:102.2,103.12 2 0
github.com/jbcom/control-center/pkg/orchestrator/gardener.go:107.85,111.16 3 0
github.com/jbcom/control-center/pkg/orchestrator/gardener.go:111.16,115.3 2 0
github.com/jbcom/control-center/pkg/orchestrator/gardener.go:117.2,118.56 2 0
github.com/jbcom/control-center/pkg/orchestrator/gardener.go:118.56,120.3 1 0
github.com/jbcom/control-center/pkg/orchestrator/gardener.go:122.2,122.43 1 0
github.com/jbcom/control-center/pkg/orchestrator/gardener.go:126.67,127.55 1 0
github.com/jbcom/control-center/pkg/orchestrator/gardener.go:127.55,129.3 1 0
github.com/jbcom/control-center/pkg/orchestrator/gardener.go:131.2,132.27 2 0
github.com/jbcom/control-center/pkg/orchestrator/gardener.go:132.27,133.33 1 0
github.com/jbcom/control-center/pkg/orchestrator/gardener.go:133.33,135.4 1 0
github.com/jbcom/control-center/pkg/orchestrator/gardener.go:137.2,137.17 1 0
github.com/jbcom/control-center/pkg/orchestrator/gardener.go:141.81,144.21 2 0
github.com/jbcom/control-center/pkg/orchestrator/gardener.go:144.21,147.3 2 0
github.com/jbcom/control-center/pkg/orchestrator/gardener.go:150.2,157.37 3 0
github.com/jbcom/control-center/pkg/orchestrator/gardener.go:157.37,163.3 1 0
github.com/jbcom/control-center/pkg/orchestrator/gardener.go:165.2,165.22 1 0
github.com/jbcom/control-center/pkg/orchestrator/gardener.go:165.22,172.23 2 0
github.com/jbcom/control-center/pkg/orchestrator/gardener.go:172.23,175.4 1 0
github.com/jbcom/control-center/pkg/orchestrator/gardener.go:178.2,179.12 2 0
github.com/jbcom/control-center/pkg/orchestrator/gardener.go:183.78,186.21 2 0
github.com/jbcom/control-center/pkg/orchestrator/gardener.go:186.21,189.3 2 0
github.com/jbcom/control-center/pkg/orchestrator/gardener.go:192.2,193.16 2 0
github.com/jbcom/control-center/pkg/orchestrator/gardener.go:193.16,195.3 1 0
github.com/jbcom/control-center/pkg/orchestrator/gardener.go:197.2,199.25 2 0
github.com/jbcom/control-center/pkg/orchestrator/gardener.go:199.25,200.15 1 0
github.com/jbcom/control-center/pkg/orchestrator/gardener.go:200.15,201.12 1 0
github.com/jbcom/control-center/pkg/orchestrator/gardener.go:204.3,204.42 1 0
github.com/jbcom/control-center/pkg/orchestrator/gardener.go:204.42,211.24 2 0
github.com/jbcom/control-center/pkg/orchestrator/gardener.go:211.24,213.95 1 0
github.com/jbcom/control-center/pkg/orchestrator/gardener.go:213.95,215.6 1 0
github.com/jbcom/control-center/pkg/orchestrator/gardener.go:218.5,226.102 2 0
github.com/jbcom/control-center/pkg/orchestrator/gardener.go:226.102,228.6 1 0
github.com/jbcom/control-center/pkg/orchestrator/gardener.go:234.2,235.16 2 0
github.com/jbcom/control-center/pkg/orchestrator/gardener.go:235.16,237.3 1 0
github.com/jbcom/control-center/pkg/orchestrator/gardener.go:239.2,239.31 1 0
github.com/jbcom/control-center/pkg/orchestrator/gardener.go:239.31,240.32 1 0
github.com/jbcom/control-center/pkg/orchestrator/gardener.go:240.32,246.24 2 0
github.com/jbcom/control-center/pkg/orchestrator/gardener.go:246.24,248.105 1 0
github.com/jbcom/control-center/pkg/orchestrator/gardener.go:248.105,250.6 1 0
github.com/jbcom/control-center/pkg/orchestrator/gardener.go:255.2,256.12 2 0
github.com/jbcom/control-center/pkg/orchestrator/gardener.go:260.73,263.21 2 0
github.com/jbcom/control-center/pkg/orchestrator/gardener.go:263.21,266.3 2 0
github.com/jbcom/control-center/pkg/orchestrator/gardener.go:269.2,274.12 2 0
github.com/jbcom/control-center/pkg/clients/github/client.go:24.38,32.2 1 1
github.com/jbcom/control-center/pkg/clients/github/client.go:71.102,75.16 2 0
github.com/jbcom/control-center/pkg/clients/github/client.go:75.16,77.3 1 0
github.com/jbcom/control-center/pkg/clients/github/client.go:79.2,84.18 3 0
github.com/jbcom/control-center/pkg/clients/github/client.go:88.90,93.16 2 0
github.com/jbcom/control-center/pkg/clients/github/client.go:93.16,95.3 1 0
github.com/jbcom/control-center/pkg/clients/github/client.go:97.2,98.60 2 0
github.com/jbcom/control-center/pkg/clients/github/client.go:98.60,100.3 1 0
github.com/jbcom/control-center/pkg/clients/github/client.go:102.2,102.19 1 0
github.com/jbcom/control-center/pkg/clients/github/client.go:106.87,110.16 2 0
github.com/jbcom/control-center/pkg/clients/github/client.go:110.16,112.3 1 0
github.com/jbcom/control-center/pkg/clients/github/client.go:114.2,115.58 2 0
github.com/jbcom/control-center/pkg/clients/github/client.go:115.58,117.3 1 0
github.com/jbcom/control-center/pkg/clients/github/client.go:119.2,119.17 1 0
github.com/jbcom/control-center/pkg/clients/github/client.go:123.84,127.16 2 0
github.com/jbcom/control-center/pkg/clients/github/client.go:127.16,129.3 1 0
github.com/jbcom/control-center/pkg/clients/github/client.go:131.2,132.61 2 0
github.com/jbcom/control-center/pkg/clients/github/client.go:132.61,134.3 1 0
github.com/jbcom/control-center/pkg/clients/github/client.go:136.2,136.20 1 0
github.com/jbcom/control-center/pkg/clients/github/client.go:140.93,144.2 2 0
github.com/jbcom/control-center/pkg/clients/github/client.go:147.95,151.2 2 0
github.com/jbcom/control-center/pkg/clients/github/client.go:154.110,156.27 2 0
github.com/jbcom/control-center/pkg/clients/github/client.go:156.27,158.3 1 0
github.com/jbcom/control-center/pkg/clients/github/client.go:159.2,160.12 2 0
github.com/jbcom/control-center/pkg/clients/github/client.go:164.77,174.34 7 0
github.com/jbcom/control-center/pkg/clients/github/client.go:174.34,176.3 1 0
github.com/jbcom/control-center/pkg/clients/github/client.go:178.2,178.29 1 0
github.com/jbcom/control-center/pkg/clients/ollama/client.go:39.36,40.21 1 6
github.com/jbcom/control-center/pkg/clients/ollama/client.go:40.21,42.3 1 5
github.com/jbcom/control-center/pkg/clients/ollama/client.go:43.2,43.20 1 6
github.com/jbcom/control-center/pkg/clients/ollama/client.go:43.20,45.3 1 1
github.com/jbcom/control-center/pkg/clients/ollama/client.go:47.2,54.3 1 6
github.com/jbcom/control-center/pkg/clients/ollama/client.go:78.75,80.2 1 1
github.com/jbcom/control-center/pkg/clients/ollama/client.go:83.93,86.18 2 4
github.com/jbcom/control-center/pkg/clients/ollama/client.go:86.18,91.3 1 3
github.com/jbcom/control-center/pkg/clients/ollama/client.go:93.2,98.38 2 4
github.com/jbcom/control-center/pkg/clients/ollama/client.go:102.88,115.16 4 4
github.com/jbcom/control-center/pkg/clients/ollama/client.go:115.16,117.3 1 0
github.com/jbcom/control-center/pkg/clients/ollama/client.go:119.2,120.16 2 4
github.com/jbcom/control-center/pkg/clients/ollama/client.go:120.16,122.3 1 0
github.com/jbcom/control-center/pkg/clients/ollama/client.go:124.2,125.20 2 4
github.com/jbcom/control-center/pkg/clients/ollama/client.go:125.20,127.3 1 4
github.com/jbcom/control-center/pkg/clients/ollama/client.go:129.2,130.16 2 4
github.com/jbcom/control-center/pkg/clients/ollama/client.go:130.16,132.3 1 0
github.com/jbcom/control-center/pkg/clients/ollama/client.go:133.2,136.16 3 4
github.com/jbcom/control-center/pkg/clients/ollama/client.go:136.16,138.3 1 0
github.com/jbcom/control-center/pkg/clients/ollama/client.go:140.2,140.28 1 4
github.com/jbcom/control-center/pkg/clients/ollama/client.go:140.28,142.3 1 0
github.com/jbcom/control-center/pkg/clients/ollama/client.go:144.2,145.60 2 4
github.com/jbcom/control-center/pkg/clients/ollama/client.go:145.60,147.3 1 0
github.com/jbcom/control-center/pkg/clients/ollama/client.go:149.2,151.38 2 4
github.com/jbcom/control-center/pkg/clients/ollama/client.go:155.84,176.16 4 1
github.com/jbcom/control-center/pkg/clients/ollama/client.go:176.16,178.3 1 0
github.com/jbcom/control-center/pkg/clients/ollama/client.go:181.2,182.66 2 1
github.com/jbcom/control-center/pkg/clients/ollama/client.go:182.66,189.3 1 0
github.com/jbcom/control-center/pkg/clients/ollama/client.go:191.2,191.21 1 1
github.com/jbcom/control-center/pkg/clients/ollama/client.go:211.99,225.16 4 1
github.com/jbcom/control-center/pkg/clients/ollama/client.go:225.16,227.3 1 0
github.com/jbcom/control-center/pkg/clients/ollama/client.go:229.2,230.68 2 1
github.com/jbcom/control-center/pkg/clients/ollama/client.go:230.68,236.3 1 0
github.com/jbcom/control-center/pkg/clients/ollama/client.go:238.2,238.23 1 1
github.com/jbcom/control-center/pkg/clients/ollama/client.go:250.110,269.16 4 1
github.com/jbcom/control-center/pkg/clients/ollama/client.go:269.16,271.3 1 0
github.com/jbcom/control-center/pkg/clients/ollama/client.go:273.2,274.66 2 1
github.com/jbcom/control-center/pkg/clients/ollama/client.go:274.66,281.3 1 0
github.com/jbcom/control-center/pkg/clients/ollama/client.go:283.2,283.21 1 1
